
> learner@0.1.0 serve /Users/Elias/Projects/learner
> hugo server -b http://localhost -p 3000

port 3000 already in use, attempting to use an available port
Building sites … 
                   | EN  
+------------------+----+
  Pages            | 40  
  Paginator pages  |  0  
  Non-page files   |  0  
  Static files     | 19  
  Processed images |  0  
  Aliases          |  0  
  Sitemaps         |  1  
  Cleaned          |  0  

Total in 39 ms
Watching for changes in /Users/Elias/Projects/learner/{content,static,themes}
Watching for config changes in /Users/Elias/Projects/learner/config.toml
Environment: "development"
Serving pages from memory
Running in Fast Render Mode. For full rebuilds on change: hugo server --disableFastRender
Web Server is available at http://localhost:63200/ (bind address 127.0.0.1)
Press Ctrl+C to stop
